Assembler report for project2
Wed Apr 27 23:51:09 2016
Quartus Prime Version 15.1.0 Build 185 10/21/2015 SJ Lite Edition


---------------------
; Table of Contents ;
---------------------
  1. Legal Notice
  2. Assembler Summary
  3. Assembler Settings
  4. Assembler Generated Files
  5. Assembler Device Options: D:/UIC/465 Digital Logic Circuit/pro2/output_files/project2.pof
  6. Assembler Messages



----------------
; Legal Notice ;
----------------
Copyright (C) 1991-2015 Altera Corporation. All rights reserved.
Your use of Altera Corporation's design tools, logic functions 
and other software and tools, and its AMPP partner logic 
functions, and any output files from any of the foregoing 
(including device programming or simulation files), and any 
associated documentation or information are expressly subject 
to the terms and conditions of the Altera Program License 
Subscription Agreement, the Altera Quartus Prime License Agreement,
the Altera MegaCore Function License Agreement, or other 
applicable license agreement, including, without limitation, 
that your use is for the sole purpose of programming logic 
devices manufactured by Altera and sold by Altera or its 
authorized distributors.  Please refer to the applicable 
agreement for further details.



+---------------------------------------------------------------+
; Assembler Summary                                             ;
+-----------------------+---------------------------------------+
; Assembler Status      ; Successful - Wed Apr 27 23:51:09 2016 ;
; Revision Name         ; project2                              ;
; Top-level Entity Name ; final_test                            ;
; Family                ; MAX II                                ;
; Device                ; EPM570F256C3                          ;
+-----------------------+---------------------------------------+


+----------------------------------+
; Assembler Settings               ;
+--------+---------+---------------+
; Option ; Setting ; Default Value ;
+--------+---------+---------------+


+-----------------------------------------------------------------+
; Assembler Generated Files                                       ;
+-----------------------------------------------------------------+
; File Name                                                       ;
+-----------------------------------------------------------------+
; D:/UIC/465 Digital Logic Circuit/pro2/output_files/project2.pof ;
+-----------------------------------------------------------------+


+-------------------------------------------------------------------------------------------+
; Assembler Device Options: D:/UIC/465 Digital Logic Circuit/pro2/output_files/project2.pof ;
+----------------+--------------------------------------------------------------------------+
; Option         ; Setting                                                                  ;
+----------------+--------------------------------------------------------------------------+
; Device         ; EPM570F256C3                                                             ;
; JTAG usercode  ; 0x003365FC                                                               ;
; Checksum       ; 0x0033662C                                                               ;
+----------------+--------------------------------------------------------------------------+


+--------------------+
; Assembler Messages ;
+--------------------+
Info: *******************************************************************
Info: Running Quartus Prime Assembler
    Info: Version 15.1.0 Build 185 10/21/2015 SJ Lite Edition
    Info: Processing started: Wed Apr 27 23:51:09 2016
Info: Command: quartus_asm --read_settings_files=off --write_settings_files=off project2 -c project2
Info (115031): Writing out detailed assembly data for power analysis
Info (115030): Assembler is generating device programming files
Info: Quartus Prime Assembler was successful. 0 errors, 0 warnings
    Info: Peak virtual memory: 722 megabytes
    Info: Processing ended: Wed Apr 27 23:51:09 2016
    Info: Elapsed time: 00:00:00
    Info: Total CPU time (on all processors): 00:00:00


